


ARM Macro Assembler    Page 1 


    1 00000000                 AREA             Signal, DATA, READONLY
    2 00000000         ;export LeSignal
    3 00000000         LeSignal
    4 00000000 00 08           DCW              0x0800      ;  0 2048  0.50000
    5 00000002 34 07           DCW              0x0734      ;  1 1844  0.45020
    6 00000004 6A 06           DCW              0x066a      ;  2 1642  0.40088
    7 00000006 A4 05           DCW              0x05a4      ;  3 1444  0.35254
    8 00000008 E4 04           DCW              0x04e4      ;  4 1252  0.30566
    9 0000000A 2D 04           DCW              0x042d      ;  5 1069  0.26099
   10 0000000C 7E 03           DCW              0x037e      ;  6  894  0.21826
   11 0000000E DC 02           DCW              0x02dc      ;  7  732  0.17871
   12 00000010 46 02           DCW              0x0246      ;  8  582  0.14209
   13 00000012 BF 01           DCW              0x01bf      ;  9  447  0.10913
   14 00000014 48 01           DCW              0x0148      ; 10  328  0.08008
   15 00000016 E2 00           DCW              0x00e2      ; 11  226  0.05518
   16 00000018 8E 00           DCW              0x008e      ; 12  142  0.03467
   17 0000001A 4D 00           DCW              0x004d      ; 13   77  0.01880
   18 0000001C 1F 00           DCW              0x001f      ; 14   31  0.00757
   19 0000001E 06 00           DCW              0x0006      ; 15    6  0.00146
   20 00000020 01 00           DCW              0x0001      ; 16    1  0.00024
   21 00000022 10 00           DCW              0x0010      ; 17   16  0.00391
   22 00000024 33 00           DCW              0x0033      ; 18   51  0.01245
   23 00000026 6B 00           DCW              0x006b      ; 19  107  0.02612
   24 00000028 B5 00           DCW              0x00b5      ; 20  181  0.04419
   25 0000002A 12 01           DCW              0x0112      ; 21  274  0.06689
   26 0000002C 81 01           DCW              0x0181      ; 22  385  0.09399
   27 0000002E 00 02           DCW              0x0200      ; 23  512  0.12500
   28 00000030 8F 02           DCW              0x028f      ; 24  655  0.15991
   29 00000032 2B 03           DCW              0x032b      ; 25  811  0.19800
   30 00000034 D4 03           DCW              0x03d4      ; 26  980  0.23926
   31 00000036 87 04           DCW              0x0487      ; 27 1159  0.28296
   32 00000038 44 05           DCW              0x0544      ; 28 1348  0.32910
   33 0000003A 07 06           DCW              0x0607      ; 29 1543  0.37671
   34 0000003C CF 06           DCW              0x06cf      ; 30 1743  0.42554
   35 0000003E 9A 07           DCW              0x079a      ; 31 1946  0.47510
   36 00000040 66 08           DCW              0x0866      ; 32 2150  0.52490
   37 00000042 31 09           DCW              0x0931      ; 33 2353  0.57446
   38 00000044 F9 09           DCW              0x09f9      ; 34 2553  0.62329
   39 00000046 BC 0A           DCW              0x0abc      ; 35 2748  0.67090
   40 00000048 79 0B           DCW              0x0b79      ; 36 2937  0.71704
   41 0000004A 2C 0C           DCW              0x0c2c      ; 37 3116  0.76074
   42 0000004C D5 0C           DCW              0x0cd5      ; 38 3285  0.80200
   43 0000004E 71 0D           DCW              0x0d71      ; 39 3441  0.84009
   44 00000050 00 0E           DCW              0x0e00      ; 40 3584  0.87500
   45 00000052 7F 0E           DCW              0x0e7f      ; 41 3711  0.90601
   46 00000054 EE 0E           DCW              0x0eee      ; 42 3822  0.93311
   47 00000056 4B 0F           DCW              0x0f4b      ; 43 3915  0.95581
   48 00000058 95 0F           DCW              0x0f95      ; 44 3989  0.97388
   49 0000005A CD 0F           DCW              0x0fcd      ; 45 4045  0.98755
   50 0000005C F0 0F           DCW              0x0ff0      ; 46 4080  0.99609
   51 0000005E FF 0F           DCW              0x0fff      ; 47 4095  0.99976
   52 00000060 FA 0F           DCW              0x0ffa      ; 48 4090  0.99854
   53 00000062 E1 0F           DCW              0x0fe1      ; 49 4065  0.99243
   54 00000064 B3 0F           DCW              0x0fb3      ; 50 4019  0.98120
   55 00000066 72 0F           DCW              0x0f72      ; 51 3954  0.96533
   56 00000068 1E 0F           DCW              0x0f1e      ; 52 3870  0.94482
   57 0000006A B8 0E           DCW              0x0eb8      ; 53 3768  0.91992
   58 0000006C 41 0E           DCW              0x0e41      ; 54 3649  0.89087
   59 0000006E BA 0D           DCW              0x0dba      ; 55 3514  0.85791



ARM Macro Assembler    Page 2 


   60 00000070 24 0D           DCW              0x0d24      ; 56 3364  0.82129
   61 00000072 82 0C           DCW              0x0c82      ; 57 3202  0.78174
   62 00000074 D3 0B           DCW              0x0bd3      ; 58 3027  0.73901
   63 00000076 1C 0B           DCW              0x0b1c      ; 59 2844  0.69434
   64 00000078 5C 0A           DCW              0x0a5c      ; 60 2652  0.64746
   65 0000007A 96 09           DCW              0x0996      ; 61 2454  0.59912
   66 0000007C CC 08           DCW              0x08cc      ; 62 2252  0.54980
   67 0000007E                 END
Command Line: --debug --xref --diag_suppress=9931 --cpu=Cortex-M3 --apcs=interw
ork --depend=.\obj\signal_sin.d -o.\obj\signal_sin.o -I.\RTE\_Simu -IC:\Program
data\Keil\Arm\Packs\ARM\CMSIS\5.7.0\CMSIS\Core\Include -IC:\Programdata\Keil\Ar
m\Packs\Keil\STM32F1xx_DFP\2.3.0\Device\Include --predefine="__EVAL SETA 1" --p
redefine="__MICROLIB SETA 1" --predefine="__UVISION_VERSION SETA 530" --predefi
ne="_RTE_ SETA 1" --predefine="STM32F10X_MD SETA 1" --predefine="_RTE_ SETA 1" 
--list=signal_sin.lst ..\..\Signal_sin.asm



ARM Macro Assembler    Page 1 Alphabetic symbol ordering
Relocatable symbols

LeSignal 00000000

Symbol: LeSignal
   Definitions
      At line 3 in file ..\..\Signal_sin.asm
   Uses
      None
Comment: LeSignal unused
Signal 00000000

Symbol: Signal
   Definitions
      At line 1 in file ..\..\Signal_sin.asm
   Uses
      None
Comment: Signal unused
2 symbols
337 symbols in table
