


ARM Macro Assembler    Page 1 


    1 00000000                 PRESERVE8
    2 00000000                 THUMB
    3 00000000         
    4 00000000         
    5 00000000         ; ====================== zone de réservation de données,
                         ======================================
    6 00000000         ;Section RAM (read only) :
    7 00000000                 area             mesdata,data,readonly
    8 00000000         
    9 00000000         
   10 00000000         ;Section RAM (read write):
   11 00000000                 area             maram,data,readwrite
   12 00000000         
   13 00000000 00000000 
                       VarTime dcd              0
   14 00000004                 EXPORT           VarTime
   15 00000004         
   16 00000004         
   17 00000004         ; ======================================================
                       =========================================
   18 00000004         
   19 00000004         ;constantes (équivalent du #define en C)
   20 00000004 000DBBA0 
                       TimeValue
                               equ              900000
   21 00000004         
   22 00000004         
   23 00000004                 EXPORT           Delay_100ms ; la fonction Delay
                                                            _100ms est rendue p
                                                            ublique donc utilis
                                                            able par d'autres m
                                                            odules.
   24 00000004         
   25 00000004         
   26 00000004         ;Section ROM code (read only) :  
   27 00000004                 area             moncode,code,readonly
   28 00000000         
   29 00000000         
   30 00000000         
   31 00000000         ; REMARQUE IMPORTANTE 
   32 00000000         ; Cette manière de créer une temporisation n'est clairem
                       ent pas la bonne manière de procéder :
   33 00000000         ; - elle est peu précise
   34 00000000         ; - la fonction prend tout le temps CPU pour... ne rien 
                       faire...
   35 00000000         ;
   36 00000000         ; Pour autant, la fonction montre :
   37 00000000         ; - les boucles en ASM
   38 00000000         ; - l'accés écr/lec de variable en RAM
   39 00000000         ; - le mécanisme d'appel / retour sous programme
   40 00000000         ;
   41 00000000         ; et donc possède un intérêt pour débuter en ASM pur
   42 00000000         
   43 00000000         Delay_100ms
                               proc
   44 00000000         
   45 00000000 4803            ldr              r0,=VarTime
   46 00000002         
   47 00000002 4904            ldr              r1,=TimeValue



ARM Macro Assembler    Page 2 


   48 00000004 6001            str              r1,[r0]
   49 00000006         
   50 00000006         BoucleTempo
   51 00000006 6801            ldr              r1,[r0]
   52 00000008         
   53 00000008 3901            subs             r1,#1
   54 0000000A 6001            str              r1,[r0]
   55 0000000C D1FB            bne              BoucleTempo
   56 0000000E         
   57 0000000E 4770            bx               lr
   58 00000010                 endp
   59 00000010         
   60 00000010         
   61 00000010                 END
              00000000 
              000DBBA0 
Command Line: --debug --xref --diag_suppress=9931 --cpu=Cortex-M3 --apcs=interw
ork --depend=.\obj\delay.d -o.\obj\delay.o -I.\RTE\_Simu -IC:\Programdata\Keil\
Arm\Packs\ARM\CMSIS\5.7.0\CMSIS\Core\Include -IC:\Programdata\Keil\Arm\Packs\Ke
il\STM32F1xx_DFP\2.3.0\Device\Include --predefine="__EVAL SETA 1" --predefine="
__MICROLIB SETA 1" --predefine="__UVISION_VERSION SETA 530" --predefine="_RTE_ 
SETA 1" --predefine="STM32F10X_MD SETA 1" --predefine="_RTE_ SETA 1" --list=del
ay.lst Src\Delay.s



ARM Macro Assembler    Page 1 Alphabetic symbol ordering
Relocatable symbols

mesdata 00000000

Symbol: mesdata
   Definitions
      At line 7 in file Src\Delay.s
   Uses
      None
Comment: mesdata unused
1 symbol



ARM Macro Assembler    Page 1 Alphabetic symbol ordering
Relocatable symbols

VarTime 00000000

Symbol: VarTime
   Definitions
      At line 13 in file Src\Delay.s
   Uses
      At line 14 in file Src\Delay.s
      At line 45 in file Src\Delay.s

maram 00000000

Symbol: maram
   Definitions
      At line 11 in file Src\Delay.s
   Uses
      None
Comment: maram unused
2 symbols



ARM Macro Assembler    Page 1 Alphabetic symbol ordering
Relocatable symbols

BoucleTempo 00000006

Symbol: BoucleTempo
   Definitions
      At line 50 in file Src\Delay.s
   Uses
      At line 55 in file Src\Delay.s
Comment: BoucleTempo used once
Delay_100ms 00000000

Symbol: Delay_100ms
   Definitions
      At line 43 in file Src\Delay.s
   Uses
      At line 23 in file Src\Delay.s
Comment: Delay_100ms used once
moncode 00000000

Symbol: moncode
   Definitions
      At line 27 in file Src\Delay.s
   Uses
      None
Comment: moncode unused
3 symbols



ARM Macro Assembler    Page 1 Alphabetic symbol ordering
Absolute symbols

TimeValue 000DBBA0

Symbol: TimeValue
   Definitions
      At line 20 in file Src\Delay.s
   Uses
      At line 47 in file Src\Delay.s
Comment: TimeValue used once
1 symbol
344 symbols in table
