


ARM Macro Assembler    Page 1 


    1 00000000                 AREA             Signal, DATA, READONLY
    2 00000000                 export           LeSignal
    3 00000000         LeSignal
    4 00000000 FF 0F           DCW              0x0fff      ;  0 4095  0.99976
    5 00000002 00 08           DCW              0x0800      ;  1 2048  0.50000
    6 00000004 00 00           DCW              0x0000      ;  2    0  0.00000
    7 00000006 00 08           DCW              0x0800      ;  3 2048  0.50000
    8 00000008 FF 0F           DCW              0x0fff      ;  4 4095  0.99976
    9 0000000A 00 08           DCW              0x0800      ;  5 2048  0.50000
   10 0000000C 00 00           DCW              0x0000      ;  6    0  0.00000
   11 0000000E 00 08           DCW              0x0800      ;  7 2048  0.50000
   12 00000010 FF 0F           DCW              0x0fff      ;  8 4095  0.99976
   13 00000012 00 08           DCW              0x0800      ;  9 2048  0.50000
   14 00000014 00 00           DCW              0x0000      ; 10    0  0.00000
   15 00000016 00 08           DCW              0x0800      ; 11 2048  0.50000
   16 00000018 FF 0F           DCW              0x0fff      ; 12 4095  0.99976
   17 0000001A 00 08           DCW              0x0800      ; 13 2048  0.50000
   18 0000001C 00 00           DCW              0x0000      ; 14    0  0.00000
   19 0000001E 00 08           DCW              0x0800      ; 15 2048  0.50000
   20 00000020 FF 0F           DCW              0x0fff      ; 16 4095  0.99976
   21 00000022 00 08           DCW              0x0800      ; 17 2048  0.50000
   22 00000024 00 00           DCW              0x0000      ; 18    0  0.00000
   23 00000026 00 08           DCW              0x0800      ; 19 2048  0.50000
   24 00000028 FF 0F           DCW              0x0fff      ; 20 4095  0.99976
   25 0000002A 00 08           DCW              0x0800      ; 21 2048  0.50000
   26 0000002C 00 00           DCW              0x0000      ; 22    0  0.00000
   27 0000002E 00 08           DCW              0x0800      ; 23 2048  0.50000
   28 00000030 FF 0F           DCW              0x0fff      ; 24 4095  0.99976
   29 00000032 00 08           DCW              0x0800      ; 25 2048  0.50000
   30 00000034 00 00           DCW              0x0000      ; 26    0  0.00000
   31 00000036 00 08           DCW              0x0800      ; 27 2048  0.50000
   32 00000038 FF 0F           DCW              0x0fff      ; 28 4095  0.99976
   33 0000003A 00 08           DCW              0x0800      ; 29 2048  0.50000
   34 0000003C 00 00           DCW              0x0000      ; 30    0  0.00000
   35 0000003E 00 08           DCW              0x0800      ; 31 2048  0.50000
   36 00000040 FF 0F           DCW              0x0fff      ; 32 4095  0.99976
   37 00000042 00 08           DCW              0x0800      ; 33 2048  0.50000
   38 00000044 00 00           DCW              0x0000      ; 34    0  0.00000
   39 00000046 00 08           DCW              0x0800      ; 35 2048  0.50000
   40 00000048 FF 0F           DCW              0x0fff      ; 36 4095  0.99976
   41 0000004A 00 08           DCW              0x0800      ; 37 2048  0.50000
   42 0000004C 00 00           DCW              0x0000      ; 38    0  0.00000
   43 0000004E 00 08           DCW              0x0800      ; 39 2048  0.50000
   44 00000050 FF 0F           DCW              0x0fff      ; 40 4095  0.99976
   45 00000052 00 08           DCW              0x0800      ; 41 2048  0.50000
   46 00000054 00 00           DCW              0x0000      ; 42    0  0.00000
   47 00000056 00 08           DCW              0x0800      ; 43 2048  0.50000
   48 00000058 FF 0F           DCW              0x0fff      ; 44 4095  0.99976
   49 0000005A 00 08           DCW              0x0800      ; 45 2048  0.50000
   50 0000005C 00 00           DCW              0x0000      ; 46    0  0.00000
   51 0000005E 00 08           DCW              0x0800      ; 47 2048  0.50000
   52 00000060 FF 0F           DCW              0x0fff      ; 48 4095  0.99976
   53 00000062 00 08           DCW              0x0800      ; 49 2048  0.50000
   54 00000064 00 00           DCW              0x0000      ; 50    0  0.00000
   55 00000066 00 08           DCW              0x0800      ; 51 2048  0.50000
   56 00000068 FF 0F           DCW              0x0fff      ; 52 4095  0.99976
   57 0000006A 00 08           DCW              0x0800      ; 53 2048  0.50000
   58 0000006C 00 00           DCW              0x0000      ; 54    0  0.00000
   59 0000006E 00 08           DCW              0x0800      ; 55 2048  0.50000



ARM Macro Assembler    Page 2 


   60 00000070 FF 0F           DCW              0x0fff      ; 56 4095  0.99976
   61 00000072 00 08           DCW              0x0800      ; 57 2048  0.50000
   62 00000074 00 00           DCW              0x0000      ; 58    0  0.00000
   63 00000076 00 08           DCW              0x0800      ; 59 2048  0.50000
   64 00000078 FF 0F           DCW              0x0fff      ; 60 4095  0.99976
   65 0000007A 00 08           DCW              0x0800      ; 61 2048  0.50000
   66 0000007C 00 00           DCW              0x0000      ; 62    0  0.00000
   67 0000007E 00 08           DCW              0x0800      ; 63 2048  0.50000
   68 00000080                 END
Command Line: --debug --xref --diag_suppress=9931 --cpu=Cortex-M3 --apcs=interw
ork --depend=.\obj\signal_cos_k_16.d -o.\obj\signal_cos_k_16.o -I.\RTE\_CibleSo
ndeKEIL -IC:\Programdata\Keil\Arm\Packs\ARM\CMSIS\5.7.0\CMSIS\Core\Include -IC:
\Programdata\Keil\Arm\Packs\Keil\STM32F1xx_DFP\2.3.0\Device\Include --predefine
="__EVAL SETA 1" --predefine="__MICROLIB SETA 1" --predefine="__UVISION_VERSION
 SETA 530" --predefine="_RTE_ SETA 1" --predefine="STM32F10X_MD SETA 1" --prede
fine="_RTE_ SETA 1" --list=signal_cos_k_16.lst ..\..\Signal_cos_k_16.asm



ARM Macro Assembler    Page 1 Alphabetic symbol ordering
Relocatable symbols

LeSignal 00000000

Symbol: LeSignal
   Definitions
      At line 3 in file ..\..\Signal_cos_k_16.asm
   Uses
      At line 2 in file ..\..\Signal_cos_k_16.asm
Comment: LeSignal used once
Signal 00000000

Symbol: Signal
   Definitions
      At line 1 in file ..\..\Signal_cos_k_16.asm
   Uses
      None
Comment: Signal unused
2 symbols
337 symbols in table
